<?xml version="1.0" encoding="UTF-8"?>
<!-- Generated by org.testng.reporters.JUnitReportReporter -->
<testsuite hostname="BINTERNS-QA35L" failures="0" tests="31" name="test_method.PharmEasy_Labtestmodule" time="4.423" errors="1" timestamp="2023-05-18T10:32:22 IST" skipped="30">
  <testcase classname="test_method.PharmEasy_Labtestmodule" name="Launch" time="4.422">
    <error message="no such window: target window already closed
from unknown error: web view not found
  (Session info: chrome=113.0.5672.126)
Build info: version: &#039;4.8.2&#039;, revision: &#039;826dbfc730&#039;
System info: os.name: &#039;Windows 10&#039;, os.arch: &#039;amd64&#039;, os.version: &#039;10.0&#039;, java.version: &#039;17.0.5&#039;
Driver info: org.openqa.selenium.chrome.ChromeDriver
Command: [a97e64c34a2dea9f1e3af13de414fdc4, maximizeCurrentWindow {}]
Capabilities {acceptInsecureCerts: false, browserName: chrome, browserVersion: 113.0.5672.126, chrome: {chromedriverVersion: 113.0.5672.63 (0e1a4471d5ae..., userDataDir: C:\Users\ISRIVA~1\AppData\L...}, goog:chromeOptions: {debuggerAddress: localhost:61537}, networkConnectionEnabled: false, pageLoadStrategy: normal, platformName: WINDOWS, proxy: Proxy(), se:cdp: ws://localhost:61537/devtoo..., se:cdpVersion: 113.0.5672.126, setWindowRect: true, strictFileInteractability: false, timeouts: {implicit: 0, pageLoad: 300000, script: 30000}, unhandledPromptBehavior: dismiss and notify, webauthn:extension:credBlob: true, webauthn:extension:largeBlob: true, webauthn:extension:minPinLength: true, webauthn:extension:prf: true, webauthn:virtualAuthenticators: true}
Session ID: a97e64c34a2dea9f1e3af13de414fdc4" type="org.openqa.selenium.NoSuchWindowException">
      <![CDATA[org.openqa.selenium.NoSuchWindowException: no such window: target window already closed
from unknown error: web view not found
  (Session info: chrome=113.0.5672.126)
Build info: version: '4.8.2', revision: '826dbfc730'
System info: os.name: 'Windows 10', os.arch: 'amd64', os.version: '10.0', java.version: '17.0.5'
Driver info: org.openqa.selenium.chrome.ChromeDriver
Command: [a97e64c34a2dea9f1e3af13de414fdc4, maximizeCurrentWindow {}]
Capabilities {acceptInsecureCerts: false, browserName: chrome, browserVersion: 113.0.5672.126, chrome: {chromedriverVersion: 113.0.5672.63 (0e1a4471d5ae..., userDataDir: C:\Users\ISRIVA~1\AppData\L...}, goog:chromeOptions: {debuggerAddress: localhost:61537}, networkConnectionEnabled: false, pageLoadStrategy: normal, platformName: WINDOWS, proxy: Proxy(), se:cdp: ws://localhost:61537/devtoo..., se:cdpVersion: 113.0.5672.126, setWindowRect: true, strictFileInteractability: false, timeouts: {implicit: 0, pageLoad: 300000, script: 30000}, unhandledPromptBehavior: dismiss and notify, webauthn:extension:credBlob: true, webauthn:extension:largeBlob: true, webauthn:extension:minPinLength: true, webauthn:extension:prf: true, webauthn:virtualAuthenticators: true}
Session ID: a97e64c34a2dea9f1e3af13de414fdc4
at java.base/jdk.internal.reflect.NativeConstructorAccessorImpl.newInstance0(Native Method)
at java.base/jdk.internal.reflect.NativeConstructorAccessorImpl.newInstance(NativeConstructorAccessorImpl.java:77)
at java.base/jdk.internal.reflect.DelegatingConstructorAccessorImpl.newInstance(DelegatingConstructorAccessorImpl.java:45)
at java.base/java.lang.reflect.Constructor.newInstanceWithCaller(Constructor.java:499)
at java.base/java.lang.reflect.Constructor.newInstance(Constructor.java:480)
at org.openqa.selenium.remote.codec.w3c.W3CHttpResponseCodec.createException(W3CHttpResponseCodec.java:200)
at org.openqa.selenium.remote.codec.w3c.W3CHttpResponseCodec.decode(W3CHttpResponseCodec.java:133)
at org.openqa.selenium.remote.codec.w3c.W3CHttpResponseCodec.decode(W3CHttpResponseCodec.java:53)
at org.openqa.selenium.remote.HttpCommandExecutor.execute(HttpCommandExecutor.java:193)
at org.openqa.selenium.remote.service.DriverCommandExecutor.invokeExecute(DriverCommandExecutor.java:183)
at org.openqa.selenium.remote.service.DriverCommandExecutor.execute(DriverCommandExecutor.java:158)
at org.openqa.selenium.remote.RemoteWebDriver.execute(RemoteWebDriver.java:543)
at org.openqa.selenium.remote.RemoteWebDriver.execute(RemoteWebDriver.java:598)
at org.openqa.selenium.remote.RemoteWebDriver.execute(RemoteWebDriver.java:602)
at org.openqa.selenium.remote.RemoteWebDriver$RemoteWebDriverOptions$RemoteWindow.maximize(RemoteWebDriver.java:953)
at test_base.PharmEasy_base.intilization(PharmEasy_base.java:29)
at test_method.PharmEasy_Labtestmodule.Launch(PharmEasy_Labtestmodule.java:34)
at java.base/jdk.internal.reflect.NativeMethodAccessorImpl.invoke0(Native Method)
at java.base/jdk.internal.reflect.NativeMethodAccessorImpl.invoke(NativeMethodAccessorImpl.java:77)
at java.base/jdk.internal.reflect.DelegatingMethodAccessorImpl.invoke(DelegatingMethodAccessorImpl.java:43)
at java.base/java.lang.reflect.Method.invoke(Method.java:568)
at org.testng.internal.invokers.MethodInvocationHelper.invokeMethod(MethodInvocationHelper.java:139)
at org.testng.internal.invokers.MethodInvocationHelper.invokeMethodConsideringTimeout(MethodInvocationHelper.java:69)
at org.testng.internal.invokers.ConfigInvoker.invokeConfigurationMethod(ConfigInvoker.java:361)
at org.testng.internal.invokers.ConfigInvoker.invokeConfigurations(ConfigInvoker.java:296)
at org.testng.SuiteRunner.privateRun(SuiteRunner.java:376)
at org.testng.SuiteRunner.run(SuiteRunner.java:330)
at org.testng.SuiteRunnerWorker.runSuite(SuiteRunnerWorker.java:52)
at org.testng.SuiteRunnerWorker.run(SuiteRunnerWorker.java:95)
at org.testng.TestNG.runSuitesSequentially(TestNG.java:1256)
at org.testng.TestNG.runSuitesLocally(TestNG.java:1176)
at org.testng.TestNG.runSuites(TestNG.java:1099)
at org.testng.TestNG.run(TestNG.java:1067)
at org.testng.remote.AbstractRemoteTestNG.run(AbstractRemoteTestNG.java:115)
at org.testng.remote.RemoteTestNG.initAndRun(RemoteTestNG.java:251)
at org.testng.remote.RemoteTestNG.main(RemoteTestNG.java:77)
]]>
    </error>
  </testcase> <!-- Launch -->
  <system-out/>
  <testcase classname="test_method.PharmEasy_Labtestmodule" name="LabTest_module" time="0.000">
    <skipped/>
  </testcase> <!-- LabTest_module -->
  <system-out/>
  <testcase classname="test_method.PharmEasy_Labtestmodule" name="Deliveryto_labtestsmodule" time="0.000">
    <skipped/>
  </testcase> <!-- Deliveryto_labtestsmodule -->
  <system-out/>
  <testcase classname="test_method.PharmEasy_Labtestmodule" name="Pinenter_labtestsmodule" time="0.000">
    <skipped/>
  </testcase> <!-- Pinenter_labtestsmodule -->
  <system-out/>
  <testcase classname="test_method.PharmEasy_Labtestmodule" name="Checkpin_labtestsmodule" time="0.000">
    <skipped/>
  </testcase> <!-- Checkpin_labtestsmodule -->
  <system-out/>
  <testcase classname="test_method.PharmEasy_Labtestmodule" name="Leftscroll_labtestmodule" time="0.000">
    <skipped/>
  </testcase> <!-- Leftscroll_labtestmodule -->
  <system-out/>
  <testcase classname="test_method.PharmEasy_Labtestmodule" name="Rightscroll_labtestmodule" time="0.000">
    <skipped/>
  </testcase> <!-- Rightscroll_labtestmodule -->
  <system-out/>
  <testcase classname="test_method.PharmEasy_Labtestmodule" name="Searchpackage_labtestmodule" time="0.000">
    <skipped/>
  </testcase> <!-- Searchpackage_labtestmodule -->
  <system-out/>
  <testcase classname="test_method.PharmEasy_Labtestmodule" name="Select_labtestmodule" time="0.000">
    <skipped/>
  </testcase> <!-- Select_labtestmodule -->
  <system-out/>
  <testcase classname="test_method.PharmEasy_Labtestmodule" name="Patients_labtestmodule" time="0.000">
    <skipped/>
  </testcase> <!-- Patients_labtestmodule -->
  <system-out/>
  <testcase classname="test_method.PharmEasy_Labtestmodule" name="All_test" time="0.000">
    <skipped/>
  </testcase> <!-- All_test -->
  <system-out/>
  <testcase classname="test_method.PharmEasy_Labtestmodule" name="Lipid_profile" time="0.000">
    <skipped/>
  </testcase> <!-- Lipid_profile -->
  <system-out/>
  <testcase classname="test_method.PharmEasy_Labtestmodule" name="Cross_lipidprofile" time="0.000">
    <skipped/>
  </testcase> <!-- Cross_lipidprofile -->
  <system-out/>
  <testcase classname="test_method.PharmEasy_Labtestmodule" name="Renal_kidneytest" time="0.000">
    <skipped/>
  </testcase> <!-- Renal_kidneytest -->
  <system-out/>
  <testcase classname="test_method.PharmEasy_Labtestmodule" name="Renal_kidneybook" time="0.000">
    <skipped/>
  </testcase> <!-- Renal_kidneybook -->
  <system-out/>
  <testcase classname="test_method.PharmEasy_Labtestmodule" name="Renal_kidneyPatients" time="0.000">
    <skipped/>
  </testcase> <!-- Renal_kidneyPatients -->
  <system-out/>
  <testcase classname="test_method.PharmEasy_Labtestmodule" name="RTPCR" time="0.000">
    <skipped/>
  </testcase> <!-- RTPCR -->
  <system-out/>
  <testcase classname="test_method.PharmEasy_Labtestmodule" name="Covid_19" time="0.000">
    <skipped/>
  </testcase> <!-- Covid_19 -->
  <system-out/>
  <testcase classname="test_method.PharmEasy_Labtestmodule" name="Viewmore" time="0.000">
    <skipped/>
  </testcase> <!-- Viewmore -->
  <system-out/>
  <testcase classname="test_method.PharmEasy_Labtestmodule" name="Ranges_Covid" time="0.000">
    <skipped/>
  </testcase> <!-- Ranges_Covid -->
  <system-out/>
  <testcase classname="test_method.PharmEasy_Labtestmodule" name="LabTestBack_module" time="0.000">
    <skipped/>
  </testcase> <!-- LabTestBack_module -->
  <system-out/>
  <testcase classname="test_method.PharmEasy_Labtestmodule" name="Healthpackages_labtestmodule" time="0.000">
    <skipped/>
  </testcase> <!-- Healthpackages_labtestmodule -->
  <system-out/>
  <testcase classname="test_method.PharmEasy_Labtestmodule" name="Hairbasic_healthpackagemodule" time="0.000">
    <skipped/>
  </testcase> <!-- Hairbasic_healthpackagemodule -->
  <system-out/>
  <testcase classname="test_method.PharmEasy_Labtestmodule" name="Hairbasicbook_healthpackagemodule" time="0.001">
    <skipped/>
  </testcase> <!-- Hairbasicbook_healthpackagemodule -->
  <system-out/>
  <testcase classname="test_method.PharmEasy_Labtestmodule" name="Hairbasicpatient_healthpackagemodule" time="0.000">
    <skipped/>
  </testcase> <!-- Hairbasicpatient_healthpackagemodule -->
  <system-out/>
  <testcase classname="test_method.PharmEasy_Labtestmodule" name="Cart_labtestmodule" time="0.000">
    <skipped/>
  </testcase> <!-- Cart_labtestmodule -->
  <system-out/>
  <testcase classname="test_method.PharmEasy_Labtestmodule" name="Detailsproduct1_labtestmodule" time="0.000">
    <skipped/>
  </testcase> <!-- Detailsproduct1_labtestmodule -->
  <system-out/>
  <testcase classname="test_method.PharmEasy_Labtestmodule" name="Deatilsproduct3_labtestmodule" time="0.000">
    <skipped/>
  </testcase> <!-- Deatilsproduct3_labtestmodule -->
  <system-out/>
  <testcase classname="test_method.PharmEasy_Labtestmodule" name="Deatilsproduct2_labtestmodule" time="0.000">
    <skipped/>
  </testcase> <!-- Deatilsproduct2_labtestmodule -->
  <system-out/>
  <testcase classname="test_method.PharmEasy_Labtestmodule" name="Reanl_kidneytestdetails">
    <skipped/>
  </testcase> <!-- Reanl_kidneytestdetails -->
  <system-out/>
  <testcase classname="test_method.PharmEasy_Labtestmodule" name="Reanl_kidneytesttext">
    <skipped/>
  </testcase> <!-- Reanl_kidneytesttext -->
  <system-out/>
</testsuite> <!-- test_method.PharmEasy_Labtestmodule -->
